0 info it worked if it ends with ok
1 verbose cli [ '/home/commander-lol/Programs/node-v7.6.0/bin/node',
1 verbose cli   '/home/commander-lol/Programs/node-v7.6.0/bin/npm',
1 verbose cli   'run',
1 verbose cli   'dev' ]
2 info using npm@4.1.2
3 info using node@v7.6.0
4 verbose run-script [ 'predev', 'dev', 'postdev' ]
5 info lifecycle bark@0.1.0~predev: bark@0.1.0
6 silly lifecycle bark@0.1.0~predev: no script for predev, continuing
7 info lifecycle bark@0.1.0~dev: bark@0.1.0
8 verbose lifecycle bark@0.1.0~dev: unsafe-perm in lifecycle true
9 verbose lifecycle bark@0.1.0~dev: PATH: /home/commander-lol/Programs/node-v7.6.0/lib/node_modules/npm/bin/node-gyp-bin:/home/commander-lol/Apps/bark/node_modules/.bin:/home/commander-lol/Programs/gradle-2.2/bin:/home/commander-lol/.cargo/bin:/usr/local/sbin:/usr/local/bin:/usr/sbin:/usr/bin:/sbin:/bin:/usr/games:/usr/local/games:/snap/bin:/usr/lib/jvm/java-8-oracle/bin:/usr/lib/jvm/java-8-oracle/db/bin:/usr/lib/jvm/java-8-oracle/jre/bin:/home/commander-lol/Programs/node-v7.5.0:/home/commander-lol/Android/Sdk/tools:/home/commander-lol/.dotfiles/bin.d:/home/commander-lol/Programs/node-v7.6.0/bin:/home/commander-lol/.config/composer/vendor/bin:/home/commander-lol/Projects/go/bin:/home/commander-lol/Android/Sdk/platform-tools:/home/commander-lol/Programs/depot_tools
10 verbose lifecycle bark@0.1.0~dev: CWD: /home/commander-lol/Apps/bark
11 silly lifecycle bark@0.1.0~dev: Args: [ '-c', 'nodemon bark' ]
12 silly lifecycle bark@0.1.0~dev: Returned: code: 1  signal: null
13 info lifecycle bark@0.1.0~dev: Failed to exec dev script
14 verbose stack Error: bark@0.1.0 dev: `nodemon bark`
14 verbose stack Exit status 1
14 verbose stack     at EventEmitter.<anonymous> (/home/commander-lol/Programs/node-v7.6.0/lib/node_modules/npm/lib/utils/lifecycle.js:279:16)
14 verbose stack     at emitTwo (events.js:106:13)
14 verbose stack     at EventEmitter.emit (events.js:192:7)
14 verbose stack     at ChildProcess.<anonymous> (/home/commander-lol/Programs/node-v7.6.0/lib/node_modules/npm/lib/utils/spawn.js:40:14)
14 verbose stack     at emitTwo (events.js:106:13)
14 verbose stack     at ChildProcess.emit (events.js:192:7)
14 verbose stack     at maybeClose (internal/child_process.js:890:16)
14 verbose stack     at Process.ChildProcess._handle.onexit (internal/child_process.js:226:5)
15 verbose pkgid bark@0.1.0
16 verbose cwd /home/commander-lol/Apps/bark
17 error Linux 4.4.0-71-generic
18 error argv "/home/commander-lol/Programs/node-v7.6.0/bin/node" "/home/commander-lol/Programs/node-v7.6.0/bin/npm" "run" "dev"
19 error node v7.6.0
20 error npm  v4.1.2
21 error code ELIFECYCLE
22 error bark@0.1.0 dev: `nodemon bark`
22 error Exit status 1
23 error Failed at the bark@0.1.0 dev script 'nodemon bark'.
23 error Make sure you have the latest version of node.js and npm installed.
23 error If you do, this is most likely a problem with the bark package,
23 error not with npm itself.
23 error Tell the author that this fails on your system:
23 error     nodemon bark
23 error You can get information on how to open an issue for this project with:
23 error     npm bugs bark
23 error Or if that isn't available, you can get their info via:
23 error     npm owner ls bark
23 error There is likely additional logging output above.
24 verbose exit [ 1, true ]
